13:29:49.063 [main] INFO  [bucketName: ] c.g.senocak.minio.MinioApplicationKt - Starting MinioApplicationKt using Java 17.0.8 with PID 26573 (/Users/tcasenocak/Desktop/cop/SpringKotlinMinio/SpringKotlinMinio/build/classes/kotlin/main started by tcasenocak in /Users/tcasenocak/Desktop/cop/SpringKotlinMinio/SpringKotlinMinio)
13:29:49.065 [main] INFO  [bucketName: ] c.g.senocak.minio.MinioApplicationKt - No active profile set, falling back to 1 default profile: "default"
13:29:49.124 [main] INFO  [bucketName: ] o.s.b.d.c.l.DockerComposeLifecycleManager - Using Docker Compose file '/Users/tcasenocak/Desktop/cop/SpringKotlinMinio/SpringKotlinMinio/compose.yaml'
13:29:49.818 [main] ERROR [bucketName: ] o.s.boot.SpringApplication - Application run failed
org.springframework.boot.docker.compose.core.ProcessExitException: 'docker compose --file /Users/tcasenocak/Desktop/cop/SpringKotlinMinio/SpringKotlinMinio/compose.yaml --ansi never config --format=json' failed with exit code 15.

Stdout:


Stderr:
validating /Users/tcasenocak/Desktop/cop/SpringKotlinMinio/SpringKotlinMinio/compose.yaml: services must be a mapping

	at org.springframework.boot.docker.compose.core.ProcessRunner.run(ProcessRunner.java:96)
	at org.springframework.boot.docker.compose.core.DockerCli.run(DockerCli.java:80)
	at org.springframework.boot.docker.compose.core.DefaultDockerCompose.hasDefinedServices(DefaultDockerCompose.java:69)
	at org.springframework.boot.docker.compose.lifecycle.DockerComposeLifecycleManager.start(DockerComposeLifecycleManager.java:111)
	at org.springframework.boot.docker.compose.lifecycle.DockerComposeListener.onApplicationEvent(DockerComposeListener.java:53)
	at org.springframework.boot.docker.compose.lifecycle.DockerComposeListener.onApplicationEvent(DockerComposeListener.java:35)
	at org.springframework.context.event.SimpleApplicationEventMulticaster.doInvokeListener(SimpleApplicationEventMulticaster.java:172)
	at org.springframework.context.event.SimpleApplicationEventMulticaster.invokeListener(SimpleApplicationEventMulticaster.java:165)
	at org.springframework.context.event.SimpleApplicationEventMulticaster.multicastEvent(SimpleApplicationEventMulticaster.java:143)
	at org.springframework.context.event.SimpleApplicationEventMulticaster.multicastEvent(SimpleApplicationEventMulticaster.java:131)
	at org.springframework.boot.context.event.EventPublishingRunListener.multicastInitialEvent(EventPublishingRunListener.java:136)
	at org.springframework.boot.context.event.EventPublishingRunListener.contextLoaded(EventPublishingRunListener.java:98)
	at org.springframework.boot.SpringApplicationRunListeners.lambda$contextLoaded$4(SpringApplicationRunListeners.java:72)
	at java.base/java.lang.Iterable.forEach(Iterable.java:75)
	at org.springframework.boot.SpringApplicationRunListeners.doWithListeners(SpringApplicationRunListeners.java:118)
	at org.springframework.boot.SpringApplicationRunListeners.doWithListeners(SpringApplicationRunListeners.java:112)
	at org.springframework.boot.SpringApplicationRunListeners.contextLoaded(SpringApplicationRunListeners.java:72)
	at org.springframework.boot.SpringApplication.prepareContext(SpringApplication.java:416)
	at org.springframework.boot.SpringApplication.run(SpringApplication.java:311)
	at org.springframework.boot.SpringApplication.run(SpringApplication.java:1306)
	at org.springframework.boot.SpringApplication.run(SpringApplication.java:1295)
	at com.github.senocak.minio.MinioApplicationKt.main(MinioApplication.kt:23)
13:30:04.536 [main] INFO  [bucketName: ] c.g.senocak.minio.MinioApplicationKt - Starting MinioApplicationKt using Java 17.0.8 with PID 26594 (/Users/tcasenocak/Desktop/cop/SpringKotlinMinio/SpringKotlinMinio/build/classes/kotlin/main started by tcasenocak in /Users/tcasenocak/Desktop/cop/SpringKotlinMinio/SpringKotlinMinio)
13:30:04.537 [main] INFO  [bucketName: ] c.g.senocak.minio.MinioApplicationKt - No active profile set, falling back to 1 default profile: "default"
13:30:04.573 [main] INFO  [bucketName: ] o.s.b.d.c.l.DockerComposeLifecycleManager - Using Docker Compose file '/Users/tcasenocak/Desktop/cop/SpringKotlinMinio/SpringKotlinMinio/compose.yaml'
13:30:05.361 [OutputReader-stderr] INFO  [bucketName: ] o.s.b.docker.compose.core.DockerCli -  Network springkotlinminio_ops  Creating
13:30:05.449 [OutputReader-stderr] INFO  [bucketName: ] o.s.b.docker.compose.core.DockerCli -  Network springkotlinminio_ops  Created
13:30:05.454 [OutputReader-stderr] INFO  [bucketName: ] o.s.b.docker.compose.core.DockerCli -  Volume "springkotlinminio_minio_storage"  Creating
13:30:05.461 [OutputReader-stderr] INFO  [bucketName: ] o.s.b.docker.compose.core.DockerCli -  Volume "springkotlinminio_minio_storage"  Created
13:30:05.461 [OutputReader-stderr] INFO  [bucketName: ] o.s.b.docker.compose.core.DockerCli -  Container springkotlinminio-minio-1  Creating
13:30:05.527 [OutputReader-stderr] INFO  [bucketName: ] o.s.b.docker.compose.core.DockerCli -  Container springkotlinminio-minio-1  Created
13:30:05.528 [OutputReader-stderr] INFO  [bucketName: ] o.s.b.docker.compose.core.DockerCli -  Container springkotlinminio-minio-1  Starting
13:30:05.583 [OutputReader-stderr] INFO  [bucketName: ] o.s.b.docker.compose.core.DockerCli - Error response from daemon: driver failed programming external connectivity on endpoint springkotlinminio-minio-1 (3b9bbc076d624e4467ec757f3d24f9a76d7ddb7a010d9e095d2bfe19ac4196a9): Bind for 0.0.0.0:9001 failed: port is already allocated
13:30:05.600 [main] ERROR [bucketName: ] o.s.boot.SpringApplication - Application run failed
org.springframework.boot.docker.compose.core.ProcessExitException: 'docker compose --file /Users/tcasenocak/Desktop/cop/SpringKotlinMinio/SpringKotlinMinio/compose.yaml --ansi never up --no-color --detach --wait' failed with exit code 1.

Stdout:


Stderr:
 Network springkotlinminio_ops  Creating
 Network springkotlinminio_ops  Created
 Volume "springkotlinminio_minio_storage"  Creating
 Volume "springkotlinminio_minio_storage"  Created
 Container springkotlinminio-minio-1  Creating
 Container springkotlinminio-minio-1  Created
 Container springkotlinminio-minio-1  Starting
Error response from daemon: driver failed programming external connectivity on endpoint springkotlinminio-minio-1 (3b9bbc076d624e4467ec757f3d24f9a76d7ddb7a010d9e095d2bfe19ac4196a9): Bind for 0.0.0.0:9001 failed: port is already allocated

	at org.springframework.boot.docker.compose.core.ProcessRunner.run(ProcessRunner.java:96)
	at org.springframework.boot.docker.compose.core.DockerCli.run(DockerCli.java:80)
	at org.springframework.boot.docker.compose.core.DefaultDockerCompose.up(DefaultDockerCompose.java:49)
	at org.springframework.boot.docker.compose.lifecycle.StartCommand.applyTo(StartCommand.java:51)
	at org.springframework.boot.docker.compose.lifecycle.DockerComposeLifecycleManager.start(DockerComposeLifecycleManager.java:122)
	at org.springframework.boot.docker.compose.lifecycle.DockerComposeListener.onApplicationEvent(DockerComposeListener.java:53)
	at org.springframework.boot.docker.compose.lifecycle.DockerComposeListener.onApplicationEvent(DockerComposeListener.java:35)
	at org.springframework.context.event.SimpleApplicationEventMulticaster.doInvokeListener(SimpleApplicationEventMulticaster.java:172)
	at org.springframework.context.event.SimpleApplicationEventMulticaster.invokeListener(SimpleApplicationEventMulticaster.java:165)
	at org.springframework.context.event.SimpleApplicationEventMulticaster.multicastEvent(SimpleApplicationEventMulticaster.java:143)
	at org.springframework.context.event.SimpleApplicationEventMulticaster.multicastEvent(SimpleApplicationEventMulticaster.java:131)
	at org.springframework.boot.context.event.EventPublishingRunListener.multicastInitialEvent(EventPublishingRunListener.java:136)
	at org.springframework.boot.context.event.EventPublishingRunListener.contextLoaded(EventPublishingRunListener.java:98)
	at org.springframework.boot.SpringApplicationRunListeners.lambda$contextLoaded$4(SpringApplicationRunListeners.java:72)
	at java.base/java.lang.Iterable.forEach(Iterable.java:75)
	at org.springframework.boot.SpringApplicationRunListeners.doWithListeners(SpringApplicationRunListeners.java:118)
	at org.springframework.boot.SpringApplicationRunListeners.doWithListeners(SpringApplicationRunListeners.java:112)
	at org.springframework.boot.SpringApplicationRunListeners.contextLoaded(SpringApplicationRunListeners.java:72)
	at org.springframework.boot.SpringApplication.prepareContext(SpringApplication.java:416)
	at org.springframework.boot.SpringApplication.run(SpringApplication.java:311)
	at org.springframework.boot.SpringApplication.run(SpringApplication.java:1306)
	at org.springframework.boot.SpringApplication.run(SpringApplication.java:1295)
	at com.github.senocak.minio.MinioApplicationKt.main(MinioApplication.kt:23)
13:30:09.051 [main] INFO  [bucketName: ] c.g.senocak.minio.MinioApplicationKt - Starting MinioApplicationKt using Java 17.0.8 with PID 26611 (/Users/tcasenocak/Desktop/cop/SpringKotlinMinio/SpringKotlinMinio/build/classes/kotlin/main started by tcasenocak in /Users/tcasenocak/Desktop/cop/SpringKotlinMinio/SpringKotlinMinio)
13:30:09.053 [main] INFO  [bucketName: ] c.g.senocak.minio.MinioApplicationKt - No active profile set, falling back to 1 default profile: "default"
13:30:09.090 [main] INFO  [bucketName: ] o.s.b.d.c.l.DockerComposeLifecycleManager - Using Docker Compose file '/Users/tcasenocak/Desktop/cop/SpringKotlinMinio/SpringKotlinMinio/compose.yaml'
13:30:09.671 [OutputReader-stderr] INFO  [bucketName: ] o.s.b.docker.compose.core.DockerCli -  Container springkotlinminio-minio-1  Starting
13:30:09.706 [OutputReader-stderr] INFO  [bucketName: ] o.s.b.docker.compose.core.DockerCli - Error response from daemon: driver failed programming external connectivity on endpoint springkotlinminio-minio-1 (253828887a6cb09e9b432abea4d92440cf6b82fa571ac7ce3ee5463e6bc9bccc): Bind for 0.0.0.0:9001 failed: port is already allocated
13:30:09.718 [main] ERROR [bucketName: ] o.s.boot.SpringApplication - Application run failed
org.springframework.boot.docker.compose.core.ProcessExitException: 'docker compose --file /Users/tcasenocak/Desktop/cop/SpringKotlinMinio/SpringKotlinMinio/compose.yaml --ansi never up --no-color --detach --wait' failed with exit code 1.

Stdout:


Stderr:
 Container springkotlinminio-minio-1  Starting
Error response from daemon: driver failed programming external connectivity on endpoint springkotlinminio-minio-1 (253828887a6cb09e9b432abea4d92440cf6b82fa571ac7ce3ee5463e6bc9bccc): Bind for 0.0.0.0:9001 failed: port is already allocated

	at org.springframework.boot.docker.compose.core.ProcessRunner.run(ProcessRunner.java:96)
	at org.springframework.boot.docker.compose.core.DockerCli.run(DockerCli.java:80)
	at org.springframework.boot.docker.compose.core.DefaultDockerCompose.up(DefaultDockerCompose.java:49)
	at org.springframework.boot.docker.compose.lifecycle.StartCommand.applyTo(StartCommand.java:51)
	at org.springframework.boot.docker.compose.lifecycle.DockerComposeLifecycleManager.start(DockerComposeLifecycleManager.java:122)
	at org.springframework.boot.docker.compose.lifecycle.DockerComposeListener.onApplicationEvent(DockerComposeListener.java:53)
	at org.springframework.boot.docker.compose.lifecycle.DockerComposeListener.onApplicationEvent(DockerComposeListener.java:35)
	at org.springframework.context.event.SimpleApplicationEventMulticaster.doInvokeListener(SimpleApplicationEventMulticaster.java:172)
	at org.springframework.context.event.SimpleApplicationEventMulticaster.invokeListener(SimpleApplicationEventMulticaster.java:165)
	at org.springframework.context.event.SimpleApplicationEventMulticaster.multicastEvent(SimpleApplicationEventMulticaster.java:143)
	at org.springframework.context.event.SimpleApplicationEventMulticaster.multicastEvent(SimpleApplicationEventMulticaster.java:131)
	at org.springframework.boot.context.event.EventPublishingRunListener.multicastInitialEvent(EventPublishingRunListener.java:136)
	at org.springframework.boot.context.event.EventPublishingRunListener.contextLoaded(EventPublishingRunListener.java:98)
	at org.springframework.boot.SpringApplicationRunListeners.lambda$contextLoaded$4(SpringApplicationRunListeners.java:72)
	at java.base/java.lang.Iterable.forEach(Iterable.java:75)
	at org.springframework.boot.SpringApplicationRunListeners.doWithListeners(SpringApplicationRunListeners.java:118)
	at org.springframework.boot.SpringApplicationRunListeners.doWithListeners(SpringApplicationRunListeners.java:112)
	at org.springframework.boot.SpringApplicationRunListeners.contextLoaded(SpringApplicationRunListeners.java:72)
	at org.springframework.boot.SpringApplication.prepareContext(SpringApplication.java:416)
	at org.springframework.boot.SpringApplication.run(SpringApplication.java:311)
	at org.springframework.boot.SpringApplication.run(SpringApplication.java:1306)
	at org.springframework.boot.SpringApplication.run(SpringApplication.java:1295)
	at com.github.senocak.minio.MinioApplicationKt.main(MinioApplication.kt:23)
13:30:31.638 [main] INFO  [bucketName: ] c.g.senocak.minio.MinioApplicationKt - Starting MinioApplicationKt using Java 17.0.8 with PID 26637 (/Users/tcasenocak/Desktop/cop/SpringKotlinMinio/SpringKotlinMinio/build/classes/kotlin/main started by tcasenocak in /Users/tcasenocak/Desktop/cop/SpringKotlinMinio/SpringKotlinMinio)
13:30:31.639 [main] INFO  [bucketName: ] c.g.senocak.minio.MinioApplicationKt - No active profile set, falling back to 1 default profile: "default"
13:30:31.676 [main] INFO  [bucketName: ] o.s.b.d.c.l.DockerComposeLifecycleManager - Using Docker Compose file '/Users/tcasenocak/Desktop/cop/SpringKotlinMinio/SpringKotlinMinio/compose.yaml'
13:30:32.273 [OutputReader-stderr] INFO  [bucketName: ] o.s.b.docker.compose.core.DockerCli -  Container springkotlinminio-minio-1  Creating
13:30:32.371 [OutputReader-stderr] INFO  [bucketName: ] o.s.b.docker.compose.core.DockerCli -  Container springkotlinminio-minio-1  Created
13:30:32.372 [OutputReader-stderr] INFO  [bucketName: ] o.s.b.docker.compose.core.DockerCli -  Container springkotlinminio-minio-1  Starting
13:30:32.814 [OutputReader-stderr] INFO  [bucketName: ] o.s.b.docker.compose.core.DockerCli -  Container springkotlinminio-minio-1  Started
13:30:32.815 [OutputReader-stderr] INFO  [bucketName: ] o.s.b.docker.compose.core.DockerCli -  Container springkotlinminio-minio-1  Waiting
13:30:33.318 [OutputReader-stderr] INFO  [bucketName: ] o.s.b.docker.compose.core.DockerCli -  Container springkotlinminio-minio-1  Healthy
13:30:35.325 [main] INFO  [bucketName: ] o.s.b.w.e.tomcat.TomcatWebServer - Tomcat initialized with port(s): 8085 (http)
13:30:35.329 [main] INFO  [bucketName: ] o.a.coyote.http11.Http11NioProtocol - Initializing ProtocolHandler ["http-nio-8085"]
13:30:35.329 [main] INFO  [bucketName: ] o.a.catalina.core.StandardService - Starting service [Tomcat]
13:30:35.330 [main] INFO  [bucketName: ] o.a.catalina.core.StandardEngine - Starting Servlet engine: [Apache Tomcat/10.1.12]
13:30:35.372 [main] INFO  [bucketName: ] o.a.c.c.C.[Tomcat].[localhost].[/] - Initializing Spring embedded WebApplicationContext
13:30:35.372 [main] INFO  [bucketName: ] o.s.b.w.s.c.ServletWebServerApplicationContext - Root WebApplicationContext: initialization completed in 472 ms
13:30:35.661 [main] INFO  [bucketName: ] o.a.coyote.http11.Http11NioProtocol - Starting ProtocolHandler ["http-nio-8085"]
13:30:35.670 [main] INFO  [bucketName: ] o.s.b.w.e.tomcat.TomcatWebServer - Tomcat started on port(s): 8085 (http) with context path ''
13:30:35.675 [main] INFO  [bucketName: ] c.g.senocak.minio.MinioApplicationKt - Started MinioApplicationKt in 4.197 seconds (process running for 4.606)
13:30:39.155 [http-nio-8085-exec-1] INFO  [bucketName: ] o.a.c.c.C.[Tomcat].[localhost].[/] - Initializing Spring DispatcherServlet 'dispatcherServlet'
13:30:39.156 [http-nio-8085-exec-1] INFO  [bucketName: ] o.s.web.servlet.DispatcherServlet - Initializing Servlet 'dispatcherServlet'
13:30:39.157 [http-nio-8085-exec-1] INFO  [bucketName: ] o.s.web.servlet.DispatcherServlet - Completed initialization in 1 ms
13:30:39.263 [http-nio-8085-exec-1] INFO  [bucketName: ] c.g.s.minio.service.MinioService - listBuckets: []
13:30:41.127 [http-nio-8085-exec-3] INFO  [bucketName: ] c.g.s.minio.service.MinioService - makeBucket: kotlin.Unit
13:30:41.137 [http-nio-8085-exec-3] INFO  [bucketName: ] c.g.s.minio.service.MinioService - getBucketPolicy: bucketName: 38s1lj6i5sua1wuu, {"Version":"2012-10-17","Statement":[{"Effect":"Allow","Principal":{"AWS":["*"]},"Action":["s3:GetBucketLocation","s3:ListBucket"],"Resource":["arn:aws:s3:::38s1lj6i5sua1wuu"]},{"Effect":"Allow","Principal":{"AWS":["*"]},"Action":["s3:GetObject"],"Resource":["arn:aws:s3:::38s1lj6i5sua1wuu/*"]}]}
13:30:41.137 [http-nio-8085-exec-3] INFO  [bucketName: ] c.g.s.minio.service.MinioService - listBuckets: [BucketDto(name=38s1lj6i5sua1wuu, creationDate=2023-09-01T10:30:41.061Z, policy={"Version":"2012-10-17","Statement":[{"Effect":"Allow","Principal":{"AWS":["*"]},"Action":["s3:GetBucketLocation","s3:ListBucket"],"Resource":["arn:aws:s3:::38s1lj6i5sua1wuu"]},{"Effect":"Allow","Principal":{"AWS":["*"]},"Action":["s3:GetObject"],"Resource":["arn:aws:s3:::38s1lj6i5sua1wuu/*"]}]}, tags={}, objects=[])]
13:30:41.142 [http-nio-8085-exec-3] INFO  [bucketName: ] c.g.s.minio.service.MinioService - getBucketPolicy: bucketName: 38s1lj6i5sua1wuu, {"Version":"2012-10-17","Statement":[{"Effect":"Allow","Principal":{"AWS":["*"]},"Action":["s3:GetBucketLocation","s3:ListBucket"],"Resource":["arn:aws:s3:::38s1lj6i5sua1wuu"]},{"Effect":"Allow","Principal":{"AWS":["*"]},"Action":["s3:GetObject"],"Resource":["arn:aws:s3:::38s1lj6i5sua1wuu/*"]}]}
13:30:41.148 [http-nio-8085-exec-3] INFO  [bucketName: ] c.g.s.minio.service.MinioService - getBucketTags: bucketName: 38s1lj6i5sua1wuu, io.minio.messages.Tags@2eb6b30d
13:30:41.151 [http-nio-8085-exec-3] INFO  [bucketName: ] c.g.s.minio.service.MinioService - getBucketPolicy: bucketName: 38s1lj6i5sua1wuu, {"Version":"2012-10-17","Statement":[{"Effect":"Allow","Principal":{"AWS":["*"]},"Action":["s3:GetBucketLocation","s3:ListBucket"],"Resource":["arn:aws:s3:::38s1lj6i5sua1wuu"]},{"Effect":"Allow","Principal":{"AWS":["*"]},"Action":["s3:GetObject"],"Resource":["arn:aws:s3:::38s1lj6i5sua1wuu/*"]}]}
13:30:41.159 [http-nio-8085-exec-3] INFO  [bucketName: ] c.g.s.minio.service.MinioService - getBucketTags: bucketName: 38s1lj6i5sua1wuu, io.minio.messages.Tags@4fa47786
13:30:41.164 [http-nio-8085-exec-3] INFO  [bucketName: ] c.g.s.minio.service.MinioService - getBucketPolicy: bucketName: 38s1lj6i5sua1wuu, {"Version":"2012-10-17","Statement":[{"Effect":"Allow","Principal":{"AWS":["*"]},"Action":["s3:GetBucketLocation","s3:ListBucket"],"Resource":["arn:aws:s3:::38s1lj6i5sua1wuu"]},{"Effect":"Allow","Principal":{"AWS":["*"]},"Action":["s3:GetObject"],"Resource":["arn:aws:s3:::38s1lj6i5sua1wuu/*"]}]}
13:30:41.184 [http-nio-8085-exec-3] INFO  [bucketName: ] c.g.s.minio.service.MinioService - setBucketTags: bucketName: 38s1lj6i5sua1wuu, tags: {anil1=senocak1, anil2=senocak2}
13:30:41.192 [http-nio-8085-exec-3] INFO  [bucketName: ] c.g.s.minio.service.MinioService - listObjects: bucketName: 38s1lj6i5sua1wuu, io.minio.S3Base$1@6914a6c
13:30:41.201 [http-nio-8085-exec-3] INFO  [bucketName: ] c.g.s.minio.service.MinioService - show: []
13:30:42.816 [http-nio-8085-exec-4] INFO  [bucketName: ] c.g.s.minio.service.MinioService - getBucketPolicy: bucketName: 38s1lj6i5sua1wuu, {"Version":"2012-10-17","Statement":[{"Effect":"Allow","Principal":{"AWS":["*"]},"Action":["s3:GetBucketLocation","s3:ListBucket"],"Resource":["arn:aws:s3:::38s1lj6i5sua1wuu"]},{"Effect":"Allow","Principal":{"AWS":["*"]},"Action":["s3:GetObject"],"Resource":["arn:aws:s3:::38s1lj6i5sua1wuu/*"]}]}
13:30:42.816 [http-nio-8085-exec-4] INFO  [bucketName: ] c.g.s.minio.service.MinioService - listBuckets: [BucketDto(name=38s1lj6i5sua1wuu, creationDate=2023-09-01T10:30:41.061Z, policy={"Version":"2012-10-17","Statement":[{"Effect":"Allow","Principal":{"AWS":["*"]},"Action":["s3:GetBucketLocation","s3:ListBucket"],"Resource":["arn:aws:s3:::38s1lj6i5sua1wuu"]},{"Effect":"Allow","Principal":{"AWS":["*"]},"Action":["s3:GetObject"],"Resource":["arn:aws:s3:::38s1lj6i5sua1wuu/*"]}]}, tags={}, objects=[])]
13:30:42.819 [http-nio-8085-exec-4] INFO  [bucketName: ] c.g.s.minio.service.MinioService - getBucketPolicy: bucketName: 38s1lj6i5sua1wuu, {"Version":"2012-10-17","Statement":[{"Effect":"Allow","Principal":{"AWS":["*"]},"Action":["s3:GetBucketLocation","s3:ListBucket"],"Resource":["arn:aws:s3:::38s1lj6i5sua1wuu"]},{"Effect":"Allow","Principal":{"AWS":["*"]},"Action":["s3:GetObject"],"Resource":["arn:aws:s3:::38s1lj6i5sua1wuu/*"]}]}
13:30:42.822 [http-nio-8085-exec-4] INFO  [bucketName: ] c.g.s.minio.service.MinioService - getBucketTags: bucketName: 38s1lj6i5sua1wuu, io.minio.messages.Tags@7c4228d5
13:30:42.825 [http-nio-8085-exec-4] INFO  [bucketName: ] c.g.s.minio.service.MinioService - listObjects: bucketName: 38s1lj6i5sua1wuu, io.minio.S3Base$1@7285c92d
13:30:42.828 [http-nio-8085-exec-4] INFO  [bucketName: ] c.g.s.minio.service.MinioService - show: []
13:30:45.095 [http-nio-8085-exec-5] INFO  [bucketName: 38s1lj6i5sua1wuu] c.g.s.minio.service.MinioService - getBucketPolicy: bucketName: 38s1lj6i5sua1wuu, {"Version":"2012-10-17","Statement":[{"Effect":"Allow","Principal":{"AWS":["*"]},"Action":["s3:GetBucketLocation","s3:ListBucket"],"Resource":["arn:aws:s3:::38s1lj6i5sua1wuu"]},{"Effect":"Allow","Principal":{"AWS":["*"]},"Action":["s3:GetObject"],"Resource":["arn:aws:s3:::38s1lj6i5sua1wuu/*"]}]}
13:30:45.096 [http-nio-8085-exec-5] INFO  [bucketName: 38s1lj6i5sua1wuu] c.g.s.minio.service.MinioService - listBuckets: [BucketDto(name=38s1lj6i5sua1wuu, creationDate=2023-09-01T10:30:41.061Z, policy={"Version":"2012-10-17","Statement":[{"Effect":"Allow","Principal":{"AWS":["*"]},"Action":["s3:GetBucketLocation","s3:ListBucket"],"Resource":["arn:aws:s3:::38s1lj6i5sua1wuu"]},{"Effect":"Allow","Principal":{"AWS":["*"]},"Action":["s3:GetObject"],"Resource":["arn:aws:s3:::38s1lj6i5sua1wuu/*"]}]}, tags={}, objects=[])]
13:30:45.112 [http-nio-8085-exec-5] INFO  [bucketName: 38s1lj6i5sua1wuu] c.g.s.minio.service.MinioService - getBucketPolicy: bucketName: 38s1lj6i5sua1wuu, {"Version":"2012-10-17","Statement":[{"Effect":"Allow","Principal":{"AWS":["*"]},"Action":["s3:GetBucketLocation","s3:ListBucket"],"Resource":["arn:aws:s3:::38s1lj6i5sua1wuu"]},{"Effect":"Allow","Principal":{"AWS":["*"]},"Action":["s3:GetObject"],"Resource":["arn:aws:s3:::38s1lj6i5sua1wuu/*"]}]}
13:30:45.118 [http-nio-8085-exec-5] INFO  [bucketName: 38s1lj6i5sua1wuu] c.g.s.minio.service.MinioService - getBucketTags: bucketName: 38s1lj6i5sua1wuu, io.minio.messages.Tags@278f3684
13:30:45.125 [http-nio-8085-exec-5] INFO  [bucketName: 38s1lj6i5sua1wuu] c.g.s.minio.service.MinioService - getBucketPolicy: bucketName: 38s1lj6i5sua1wuu, {"Version":"2012-10-17","Statement":[{"Effect":"Allow","Principal":{"AWS":["*"]},"Action":["s3:GetBucketLocation","s3:ListBucket"],"Resource":["arn:aws:s3:::38s1lj6i5sua1wuu"]},{"Effect":"Allow","Principal":{"AWS":["*"]},"Action":["s3:GetObject"],"Resource":["arn:aws:s3:::38s1lj6i5sua1wuu/*"]}]}
13:30:45.137 [http-nio-8085-exec-5] INFO  [bucketName: 38s1lj6i5sua1wuu] c.g.s.minio.service.MinioService - getBucketTags: bucketName: 38s1lj6i5sua1wuu, io.minio.messages.Tags@272ab7fe
13:30:45.145 [http-nio-8085-exec-5] INFO  [bucketName: 38s1lj6i5sua1wuu] c.g.s.minio.service.MinioService - listObjects: bucketName: 38s1lj6i5sua1wuu, io.minio.S3Base$1@3c7539a
13:30:47.183 [http-nio-8085-exec-6] INFO  [bucketName: 38s1lj6i5sua1wuu] c.g.s.minio.service.MinioService - uploadFile: FileResponse(fileName=78da2355d56b44e295665f8b03f05d1d.png, contentType=image/png, fileSize=219725)
13:30:47.192 [task-1] INFO  [bucketName: ] c.g.s.minio.service.MinioService - bucketName: 38s1lj6i5sua1wuu eventType: s3:ObjectCreated:Put
13:30:49.004 [http-nio-8085-exec-7] INFO  [bucketName: ] c.g.s.minio.service.MinioService - getBucketPolicy: bucketName: 38s1lj6i5sua1wuu, {"Version":"2012-10-17","Statement":[{"Effect":"Allow","Principal":{"AWS":["*"]},"Action":["s3:GetBucketLocation","s3:ListBucket"],"Resource":["arn:aws:s3:::38s1lj6i5sua1wuu"]},{"Effect":"Allow","Principal":{"AWS":["*"]},"Action":["s3:GetObject"],"Resource":["arn:aws:s3:::38s1lj6i5sua1wuu/*"]}]}
13:30:49.005 [http-nio-8085-exec-7] INFO  [bucketName: ] c.g.s.minio.service.MinioService - listBuckets: [BucketDto(name=38s1lj6i5sua1wuu, creationDate=2023-09-01T10:30:41.061Z, policy={"Version":"2012-10-17","Statement":[{"Effect":"Allow","Principal":{"AWS":["*"]},"Action":["s3:GetBucketLocation","s3:ListBucket"],"Resource":["arn:aws:s3:::38s1lj6i5sua1wuu"]},{"Effect":"Allow","Principal":{"AWS":["*"]},"Action":["s3:GetObject"],"Resource":["arn:aws:s3:::38s1lj6i5sua1wuu/*"]}]}, tags={}, objects=[])]
13:30:49.019 [http-nio-8085-exec-7] INFO  [bucketName: ] c.g.s.minio.service.MinioService - getBucketPolicy: bucketName: 38s1lj6i5sua1wuu, {"Version":"2012-10-17","Statement":[{"Effect":"Allow","Principal":{"AWS":["*"]},"Action":["s3:GetBucketLocation","s3:ListBucket"],"Resource":["arn:aws:s3:::38s1lj6i5sua1wuu"]},{"Effect":"Allow","Principal":{"AWS":["*"]},"Action":["s3:GetObject"],"Resource":["arn:aws:s3:::38s1lj6i5sua1wuu/*"]}]}
13:30:49.034 [http-nio-8085-exec-7] INFO  [bucketName: ] c.g.s.minio.service.MinioService - getBucketTags: bucketName: 38s1lj6i5sua1wuu, io.minio.messages.Tags@7e070303
13:30:49.040 [http-nio-8085-exec-7] INFO  [bucketName: ] c.g.s.minio.service.MinioService - listObjects: bucketName: 38s1lj6i5sua1wuu, io.minio.S3Base$1@70c0e2b3
13:30:49.048 [http-nio-8085-exec-7] INFO  [bucketName: ] c.g.s.minio.service.MinioService - show: [78da2355d56b44e295665f8b03f05d1d.png]
13:30:50.984 [http-nio-8085-exec-8] INFO  [bucketName: 38s1lj6i5sua1wuu] c.g.s.minio.service.MinioService - getBucketPolicy: bucketName: 38s1lj6i5sua1wuu, {"Version":"2012-10-17","Statement":[{"Effect":"Allow","Principal":{"AWS":["*"]},"Action":["s3:GetBucketLocation","s3:ListBucket"],"Resource":["arn:aws:s3:::38s1lj6i5sua1wuu"]},{"Effect":"Allow","Principal":{"AWS":["*"]},"Action":["s3:GetObject"],"Resource":["arn:aws:s3:::38s1lj6i5sua1wuu/*"]}]}
13:30:50.984 [http-nio-8085-exec-8] INFO  [bucketName: 38s1lj6i5sua1wuu] c.g.s.minio.service.MinioService - listBuckets: [BucketDto(name=38s1lj6i5sua1wuu, creationDate=2023-09-01T10:30:41.061Z, policy={"Version":"2012-10-17","Statement":[{"Effect":"Allow","Principal":{"AWS":["*"]},"Action":["s3:GetBucketLocation","s3:ListBucket"],"Resource":["arn:aws:s3:::38s1lj6i5sua1wuu"]},{"Effect":"Allow","Principal":{"AWS":["*"]},"Action":["s3:GetObject"],"Resource":["arn:aws:s3:::38s1lj6i5sua1wuu/*"]}]}, tags={}, objects=[])]
13:30:50.989 [http-nio-8085-exec-8] INFO  [bucketName: 38s1lj6i5sua1wuu] c.g.s.minio.service.MinioService - getBucketPolicy: bucketName: 38s1lj6i5sua1wuu, {"Version":"2012-10-17","Statement":[{"Effect":"Allow","Principal":{"AWS":["*"]},"Action":["s3:GetBucketLocation","s3:ListBucket"],"Resource":["arn:aws:s3:::38s1lj6i5sua1wuu"]},{"Effect":"Allow","Principal":{"AWS":["*"]},"Action":["s3:GetObject"],"Resource":["arn:aws:s3:::38s1lj6i5sua1wuu/*"]}]}
13:30:50.999 [http-nio-8085-exec-8] INFO  [bucketName: 38s1lj6i5sua1wuu] c.g.s.minio.service.MinioService - getBucketTags: bucketName: 38s1lj6i5sua1wuu, io.minio.messages.Tags@432ef80b
13:30:51.008 [http-nio-8085-exec-8] INFO  [bucketName: 38s1lj6i5sua1wuu] c.g.s.minio.service.MinioService - getBucketPolicy: bucketName: 38s1lj6i5sua1wuu, {"Version":"2012-10-17","Statement":[{"Effect":"Allow","Principal":{"AWS":["*"]},"Action":["s3:GetBucketLocation","s3:ListBucket"],"Resource":["arn:aws:s3:::38s1lj6i5sua1wuu"]},{"Effect":"Allow","Principal":{"AWS":["*"]},"Action":["s3:GetObject"],"Resource":["arn:aws:s3:::38s1lj6i5sua1wuu/*"]}]}
13:30:51.018 [http-nio-8085-exec-8] INFO  [bucketName: 38s1lj6i5sua1wuu] c.g.s.minio.service.MinioService - getBucketTags: bucketName: 38s1lj6i5sua1wuu, io.minio.messages.Tags@4de91e1e
13:30:51.021 [http-nio-8085-exec-8] INFO  [bucketName: 38s1lj6i5sua1wuu] c.g.s.minio.service.MinioService - listObjects: bucketName: 38s1lj6i5sua1wuu, io.minio.S3Base$1@49d6937b
13:30:52.988 [http-nio-8085-exec-9] INFO  [bucketName: 38s1lj6i5sua1wuu] c.g.s.minio.service.MinioService - listObjects: bucketName: 38s1lj6i5sua1wuu, io.minio.S3Base$1@29766cb4
13:30:56.098 [task-1] INFO  [bucketName: ] c.g.s.minio.service.MinioService - bucketName: 38s1lj6i5sua1wuu eventType: s3:ObjectAccessed:Head
13:30:56.111 [http-nio-8085-exec-10] ERROR [bucketName: 38s1lj6i5sua1wuu] c.g.s.minio.service.MinioService - statObject: bucketName: 38s1lj6i5sua1wuu, objectName: 78da2355d56b44e295665f8b03f05d1d.png, ObjectStat{bucket=38s1lj6i5sua1wuu, object=78da2355d56b44e295665f8b03f05d1d.png, last-modified=2023-09-01T10:30:47Z, size=219725}
13:30:56.115 [http-nio-8085-exec-10] INFO  [bucketName: 38s1lj6i5sua1wuu] c.g.s.minio.service.MinioService - downloadObject: bucketName: 38s1lj6i5sua1wuu, io.minio.GetObjectResponse@1ececf23
13:30:56.123 [task-1] INFO  [bucketName: ] c.g.s.minio.service.MinioService - bucketName: 38s1lj6i5sua1wuu eventType: s3:ObjectAccessed:Get
